# JRE version: OpenJDK Runtime Environment (8.0_242-b01) (build 1.8.0_242-release-1644-b01)
# Java VM: OpenJDK 64-Bit Server VM (25.242-b01 mixed mode windows-amd64 compressed oops)
Heap:
 PSYoungGen      total 626688K, used 241973K [0x00000000d5580000, 0x00000000fdb80000, 0x0000000100000000)
  eden space 607232K, 38% used [0x00000000d5580000,0x00000000e3718610,0x00000000fa680000)
  from space 19456K, 56% used [0x00000000fc880000,0x00000000fd334ea0,0x00000000fdb80000)
  to   space 27136K, 0% used [0x00000000fa680000,0x00000000fa680000,0x00000000fc100000)
 ParOldGen       total 114176K, used 77388K [0x0000000080000000, 0x0000000086f80000, 0x00000000d5580000)
  object space 114176K, 67% used [0x0000000080000000,0x0000000084b93250,0x0000000086f80000)
 Metaspace       used 93543K, capacity 97994K, committed 98096K, reserved 1134592K
  class space    used 12195K, capacity 13010K, committed 13104K, reserved 1048576K
GC Heap History (10 events):
Event: 162.341 GC heap before
{Heap before GC invocations=23 (full 3):
 PSYoungGen      total 396288K, used 369485K [0x00000000d5580000, 0x00000000f3a80000, 0x0000000100000000)
  eden space 366592K, 100% used [0x00000000d5580000,0x00000000ebb80000,0x00000000ebb80000)
  from space 29696K, 9% used [0x00000000ebb80000,0x00000000ebe53648,0x00000000ed880000)
  to   space 29184K, 0% used [0x00000000f1e00000,0x00000000f1e00000,0x00000000f3a80000)
 ParOldGen       total 114176K, used 73055K [0x0000000080000000, 0x0000000086f80000, 0x00000000d5580000)
  object space 114176K, 63% used [0x0000000080000000,0x0000000084757f50,0x0000000086f80000)
 Metaspace       used 92650K, capacity 96974K, committed 97200K, reserved 1134592K
  class space    used 12123K, capacity 12882K, committed 12976K, reserved 1048576K
Event: 162.374 GC heap after
Heap after GC invocations=23 (full 3):
 PSYoungGen      total 450048K, used 15995K [0x00000000d5580000, 0x00000000f3280000, 0x0000000100000000)
  eden space 429056K, 0% used [0x00000000d5580000,0x00000000d5580000,0x00000000ef880000)
  from space 20992K, 76% used [0x00000000f1e00000,0x00000000f2d9ef20,0x00000000f3280000)
  to   space 29696K, 0% used [0x00000000ef880000,0x00000000ef880000,0x00000000f1580000)
 ParOldGen       total 114176K, used 74944K [0x0000000080000000, 0x0000000086f80000, 0x00000000d5580000)
  object space 114176K, 65% used [0x0000000080000000,0x0000000084930010,0x0000000086f80000)
 Metaspace       used 92650K, capacity 96974K, committed 97200K, reserved 1134592K
  class space    used 12123K, capacity 12882K, committed 12976K, reserved 1048576K
}
Event: 164.243 GC heap before
{Heap before GC invocations=24 (full 3):
 PSYoungGen      total 450048K, used 445051K [0x00000000d5580000, 0x00000000f3280000, 0x0000000100000000)
  eden space 429056K, 100% used [0x00000000d5580000,0x00000000ef880000,0x00000000ef880000)
  from space 20992K, 76% used [0x00000000f1e00000,0x00000000f2d9ef20,0x00000000f3280000)
  to   space 29696K, 0% used [0x00000000ef880000,0x00000000ef880000,0x00000000f1580000)
 ParOldGen       total 114176K, used 74944K [0x0000000080000000, 0x0000000086f80000, 0x00000000d5580000)
  object space 114176K, 65% used [0x0000000080000000,0x0000000084930010,0x0000000086f80000)
 Metaspace       used 92692K, capacity 96992K, committed 97200K, reserved 1134592K
  class space    used 12124K, capacity 12883K, committed 12976K, reserved 1048576K
Event: 164.278 GC heap after
Heap after GC invocations=24 (full 3):
 PSYoungGen      total 458752K, used 9050K [0x00000000d5580000, 0x00000000f7d00000, 0x0000000100000000)
  eden space 429056K, 0% used [0x00000000d5580000,0x00000000d5580000,0x00000000ef880000)
  from space 29696K, 30% used [0x00000000ef880000,0x00000000f0156ad8,0x00000000f1580000)
  to   space 28160K, 0% used [0x00000000f6180000,0x00000000f6180000,0x00000000f7d00000)
 ParOldGen       total 114176K, used 74944K [0x0000000080000000, 0x0000000086f80000, 0x00000000d5580000)
  object space 114176K, 65% used [0x0000000080000000,0x0000000084930010,0x0000000086f80000)
 Metaspace       used 92692K, capacity 96992K, committed 97200K, reserved 1134592K
  class space    used 12124K, capacity 12883K, committed 12976K, reserved 1048576K
}
Event: 165.948 GC heap before
{Heap before GC invocations=25 (full 3):
 PSYoungGen      total 458752K, used 438106K [0x00000000d5580000, 0x00000000f7d00000, 0x0000000100000000)
  eden space 429056K, 100% used [0x00000000d5580000,0x00000000ef880000,0x00000000ef880000)
  from space 29696K, 30% used [0x00000000ef880000,0x00000000f0156ad8,0x00000000f1580000)
  to   space 28160K, 0% used [0x00000000f6180000,0x00000000f6180000,0x00000000f7d00000)
 ParOldGen       total 114176K, used 74944K [0x0000000080000000, 0x0000000086f80000, 0x00000000d5580000)
  object space 114176K, 65% used [0x0000000080000000,0x0000000084930010,0x0000000086f80000)
 Metaspace       used 92744K, capacity 97086K, committed 97200K, reserved 1134592K
  class space    used 12126K, capacity 12886K, committed 12976K, reserved 1048576K
Event: 165.989 GC heap after
Heap after GC invocations=25 (full 3):
 PSYoungGen      total 535552K, used 18897K [0x00000000d5580000, 0x00000000f8700000, 0x0000000100000000)
  eden space 507392K, 0% used [0x00000000d5580000,0x00000000d5580000,0x00000000f4500000)
  from space 28160K, 67% used [0x00000000f6180000,0x00000000f73f47d0,0x00000000f7d00000)
  to   space 29184K, 0% used [0x00000000f4500000,0x00000000f4500000,0x00000000f6180000)
 ParOldGen       total 114176K, used 74944K [0x0000000080000000, 0x0000000086f80000, 0x00000000d5580000)
  object space 114176K, 65% used [0x0000000080000000,0x0000000084930010,0x0000000086f80000)
 Metaspace       used 92744K, capacity 97086K, committed 97200K, reserved 1134592K
  class space    used 12126K, capacity 12886K, committed 12976K, reserved 1048576K
}
Event: 168.348 GC heap before
{Heap before GC invocations=26 (full 3):
 PSYoungGen      total 535552K, used 526289K [0x00000000d5580000, 0x00000000f8700000, 0x0000000100000000)
  eden space 507392K, 100% used [0x00000000d5580000,0x00000000f4500000,0x00000000f4500000)
  from space 28160K, 67% used [0x00000000f6180000,0x00000000f73f47d0,0x00000000f7d00000)
  to   space 29184K, 0% used [0x00000000f4500000,0x00000000f4500000,0x00000000f6180000)
 ParOldGen       total 114176K, used 74944K [0x0000000080000000, 0x0000000086f80000, 0x00000000d5580000)
  object space 114176K, 65% used [0x0000000080000000,0x0000000084930010,0x0000000086f80000)
 Metaspace       used 92806K, capacity 97172K, committed 97456K, reserved 1134592K
  class space    used 12126K, capacity 12887K, committed 12976K, reserved 1048576K
Event: 168.394 GC heap after
Heap after GC invocations=26 (full 3):
 PSYoungGen      total 536576K, used 14189K [0x00000000d5580000, 0x00000000fe480000, 0x0000000100000000)
  eden space 507392K, 0% used [0x00000000d5580000,0x00000000d5580000,0x00000000f4500000)
  from space 29184K, 48% used [0x00000000f4500000,0x00000000f52db5d8,0x00000000f6180000)
  to   space 28672K, 0% used [0x00000000fc880000,0x00000000fc880000,0x00000000fe480000)
 ParOldGen       total 114176K, used 77348K [0x0000000080000000, 0x0000000086f80000, 0x00000000d5580000)
  object space 114176K, 67% used [0x0000000080000000,0x0000000084b89250,0x0000000086f80000)
 Metaspace       used 92806K, capacity 97172K, committed 97456K, reserved 1134592K
  class space    used 12126K, capacity 12887K, committed 12976K, reserved 1048576K
}
Event: 170.650 GC heap before
{Heap before GC invocations=27 (full 3):
 PSYoungGen      total 536576K, used 521581K [0x00000000d5580000, 0x00000000fe480000, 0x0000000100000000)
  eden space 507392K, 100% used [0x00000000d5580000,0x00000000f4500000,0x00000000f4500000)
  from space 29184K, 48% used [0x00000000f4500000,0x00000000f52db5d8,0x00000000f6180000)
  to   space 28672K, 0% used [0x00000000fc880000,0x00000000fc880000,0x00000000fe480000)
 ParOldGen       total 114176K, used 77348K [0x0000000080000000, 0x0000000086f80000, 0x00000000d5580000)
  object space 114176K, 67% used [0x0000000080000000,0x0000000084b89250,0x0000000086f80000)
 Metaspace       used 92849K, capacity 97248K, committed 97456K, reserved 1134592K
  class space    used 12127K, capacity 12889K, committed 12976K, reserved 1048576K
Event: 170.670 GC heap after
Heap after GC invocations=27 (full 3):
 PSYoungGen      total 626688K, used 10963K [0x00000000d5580000, 0x00000000fdb80000, 0x0000000100000000)
  eden space 607232K, 0% used [0x00000000d5580000,0x00000000d5580000,0x00000000fa680000)
  from space 19456K, 56% used [0x00000000fc880000,0x00000000fd334ea0,0x00000000fdb80000)
  to   space 27136K, 0% used [0x00000000fa680000,0x00000000fa680000,0x00000000fc100000)
 ParOldGen       total 114176K, used 77388K [0x0000000080000000, 0x0000000086f80000, 0x00000000d5580000)
  object space 114176K, 67% used [0x0000000080000000,0x0000000084b93250,0x0000000086f80000)
 Metaspace       used 92849K, capacity 97248K, committed 97456K, reserved 1134592K
  class space    used 12127K, capacity 12889K, committed 12976K, reserved 1048576K
}

